\BOOKMARK [1][-]{section.1}{\376\377\000I\000n\000t\000r\000o\000d\000u\000c\000t\000i\000o\000n}{}% 1
\BOOKMARK [1][-]{section.8}{\376\377\000S\000e\000c\000t\000i\000o\000n\000\040\000t\000i\000t\000l\000e}{}% 2
\BOOKMARK [2][-]{subsection.9}{\376\377\000S\000u\000b\000s\000e\000c\000t\000i\000o\000n\000\040\000t\000i\000t\000l\000e}{section.8}% 3
\BOOKMARK [2][-]{subsection.10}{\376\377\000S\000u\000b\000s\000e\000c\000t\000i\000o\000n\000\040\000w\000i\000t\000h\000\040\000i\000t\000e\000m\000i\000z\000e\000d\000\040\000l\000i\000s\000t\000s}{section.8}% 4
\BOOKMARK [2][-]{subsection.11}{\376\377\000S\000u\000b\000s\000e\000c\000t\000i\000o\000n\000\040\000w\000i\000t\000h\000\040\000n\000u\000m\000b\000e\000r\000e\000d\000\040\000l\000i\000s\000t\000s}{section.8}% 5
\BOOKMARK [2][-]{subsection.20}{\376\377\000S\000o\000m\000e\000\040\000m\000a\000t\000h}{section.8}% 6
\BOOKMARK [2][-]{subsection.21}{\376\377\000S\000o\000m\000e\000\040\000e\000q\000u\000a\000t\000i\000o\000n\000s}{section.8}% 7
\BOOKMARK [2][-]{subsection.23}{\376\377\000S\000o\000m\000e\000\040\000t\000h\000e\000o\000r\000e\000m\000s}{section.8}% 8
\BOOKMARK [1][-]{section.29}{\376\377\000S\000e\000c\000t\000i\000o\000n\000\040\000w\000i\000t\000h\000\040\000g\000r\000a\000p\000h\000s}{}% 9
\BOOKMARK [2][-]{subsection.30}{\376\377\000S\000u\000b\000s\000e\000c\000t\000i\000o\000n\000\040\000w\000i\000t\000h\000\040\000g\000r\000a\000p\000h\000s\000\040\000a\000t\000\040\000t\000h\000e\000\040\000t\000o\000p\000\040\000o\000f\000\040\000t\000h\000e\000\040\000p\000a\000g\000e}{section.29}% 10
\BOOKMARK [2][-]{subsection.32}{\376\377\000S\000u\000b\000s\000e\000c\000t\000i\000o\000n\000\040\000w\000i\000t\000h\000\040\000r\000e\000f\000e\000r\000e\000n\000c\000e\000s\000\040\000t\000o\000\040\000f\000i\000g\000u\000r\000e\000s\000\040\000a\000n\000d\000\040\000p\000a\000n\000e\000l\000s}{section.29}% 11
\BOOKMARK [2][-]{subsection.33}{\376\377\000A\000\040\000s\000u\000b\000s\000e\000c\000t\000i\000o\000n\000\040\000w\000i\000t\000h\000\040\000a\000\040\000f\000u\000l\000l\000-\000p\000a\000g\000e\000\040\000g\000r\000a\000p\000h}{section.29}% 12
\BOOKMARK [1][-]{section.35}{\376\377\000A\000\040\000s\000e\000c\000t\000i\000o\000n\000\040\000w\000i\000t\000h\000\040\000t\000a\000b\000l\000e}{}% 13
\BOOKMARK [2][-]{subsection.36}{\376\377\000A\000\040\000s\000u\000b\000s\000e\000c\000t\000i\000o\000n\000\040\000w\000i\000t\000h\000\040\000a\000\040\000s\000i\000m\000p\000l\000e\000\040\000t\000a\000b\000l\000e}{section.35}% 14
\BOOKMARK [2][-]{subsection.38}{\376\377\000A\000\040\000s\000u\000b\000s\000e\000c\000t\000i\000o\000n\000\040\000w\000i\000t\000h\000\040\000a\000\040\000m\000u\000l\000t\000i\000-\000p\000a\000n\000e\000l\000\040\000t\000a\000b\000l\000e}{section.35}% 15
\BOOKMARK [1][-]{section.40}{\376\377\000A\000\040\000s\000e\000c\000t\000i\000o\000n\000\040\000w\000i\000t\000h\000\040\000c\000r\000o\000s\000s\000-\000r\000e\000f\000e\000r\000e\000n\000c\000e\000s}{}% 16
\BOOKMARK [1][-]{section.41}{\376\377\000C\000o\000n\000c\000l\000u\000s\000i\000o\000n}{}% 17
\BOOKMARK [1][-]{appendix.42}{\376\377\000A\000p\000p\000e\000n\000d\000i\000x\000\040\000t\000i\000t\000l\000e}{}% 18
\BOOKMARK [2][-]{subsection.43}{\376\377\000S\000u\000b\000s\000e\000c\000t\000i\000o\000n\000\040\000t\000i\000t\000l\000e}{appendix.42}% 19
\BOOKMARK [2][-]{subsection.44}{\376\377\000A\000\040\000s\000u\000b\000s\000e\000c\000t\000i\000o\000n\000\040\000w\000i\000t\000h\000\040\000r\000e\000s\000u\000l\000t\000s}{appendix.42}% 20
\BOOKMARK [2][-]{subsection.46}{\376\377\000A\000\040\000s\000u\000b\000s\000e\000c\000t\000i\000o\000n\000\040\000w\000i\000t\000h\000\040\000m\000a\000t\000h}{appendix.42}% 21
\BOOKMARK [1][-]{appendix.48}{\376\377\000A\000n\000o\000t\000h\000e\000r\000\040\000a\000p\000p\000e\000n\000d\000i\000x}{}% 22
\BOOKMARK [2][-]{subsection.49}{\376\377\000L\000a\000r\000g\000e\000r\000\040\000f\000i\000g\000u\000r\000e\000,\000\040\000w\000i\000t\000h\000o\000u\000t\000\040\000p\000a\000n\000e\000l\000,\000\040\000i\000n\000\040\000t\000h\000e\000\040\000a\000p\000p\000e\000n\000d\000i\000x}{appendix.48}% 23
\BOOKMARK [2][-]{subsection.51}{\376\377\000E\000v\000e\000n\000\040\000l\000a\000r\000g\000e\000r\000\040\000f\000i\000g\000u\000r\000e\000,\000\040\000w\000i\000t\000h\000o\000u\000t\000\040\000p\000a\000n\000e\000l\000,\000\040\000i\000n\000\040\000t\000h\000e\000\040\000a\000p\000p\000e\000n\000d\000i\000x}{appendix.48}% 24
\BOOKMARK [2][-]{subsection.53}{\376\377\000S\000u\000b\000s\000e\000c\000t\000i\000o\000n\000\040\000w\000i\000t\000h\000\040\000r\000e\000f\000e\000r\000e\000n\000c\000e\000s}{appendix.48}% 25
\BOOKMARK [2][-]{subsection.54}{\376\377\000S\000u\000b\000s\000e\000c\000t\000i\000o\000n\000\040\000w\000i\000t\000h\000\040\000a\000\040\000f\000o\000o\000n\000o\000t\000e}{appendix.48}% 26
\BOOKMARK [2][-]{subsection.56}{\376\377\000S\000u\000b\000s\000e\000c\000t\000i\000o\000n\000\040\000w\000i\000t\000h\000\040\000a\000n\000\040\000U\000R\000L}{appendix.48}% 27
